<?xml version="1.0" encoding="UTF-8"?>
<!-- Generated by org.testng.reporters.JUnitReportReporter -->
<testsuite hostname="DESKTOP-LG3CNSM" failures="0" tests="1" name="lMSRestAssured.PostData" time="0.356" errors="0" timestamp="2022-03-15T13:51:48 GMT-04:00" skipped="0">
  <testcase classname="lMSRestAssured.PostData" name="TC_01" time="0.356"/>
  <system-out/>
</testsuite> <!-- lMSRestAssured.PostData -->
