<?xml version="1.0" encoding="UTF-8"?>
<!-- Generated by org.testng.reporters.JUnitReportReporter -->
<testsuite hostname="DESKTOP-LG3CNSM" failures="0" tests="1" name="lMSRestAssured.LmsDeletaData" time="3.271" errors="0" timestamp="2022-03-14T19:24:21 GMT-04:00" skipped="0">
  <testcase classname="lMSRestAssured.LmsDeletaData" name="DeleteProgramDetails" time="3.271"/>
  <system-out/>
</testsuite> <!-- lMSRestAssured.LmsDeletaData -->
