<?xml version="1.0" encoding="UTF-8"?>
<!-- Generated by org.testng.reporters.JUnitReportReporter -->
<testsuite hostname="DESKTOP-LG3CNSM" failures="0" tests="3" name="jobsapiRestAssured.JobsPut" time="0.666" errors="0" timestamp="2022-03-15T13:45:13 GMT-04:00" skipped="0">
  <testcase classname="jobsapiRestAssured.JobsPut" name="JobsPutData" time="0.217"/>
  <system-out/>
  <testcase classname="jobsapiRestAssured.JobsPut" name="JobsPutData" time="0.227"/>
  <system-out/>
  <testcase classname="jobsapiRestAssured.JobsPut" name="JobsPutData" time="0.222"/>
  <system-out/>
</testsuite> <!-- jobsapiRestAssured.JobsPut -->
