<?xml version="1.0" encoding="UTF-8"?>
<!-- Generated by org.testng.reporters.JUnitReportReporter -->
<testsuite hostname="DESKTOP-LG3CNSM" failures="0" tests="1" name="jobsapiRestAssured.JobsDelete" time="0.220" errors="0" timestamp="2022-03-15T13:45:13 GMT-04:00" skipped="0">
  <testcase classname="jobsapiRestAssured.JobsDelete" name="JobsDeleteData" time="0.220"/>
  <system-out/>
</testsuite> <!-- jobsapiRestAssured.JobsDelete -->
