<?xml version="1.0" encoding="UTF-8"?>
<!-- Generated by org.testng.reporters.JUnitReportReporter -->
<testsuite hostname="DESKTOP-LG3CNSM" failures="0" tests="2" name="jobsapiRestAssured.JobsPost" time="30.865" errors="0" timestamp="2022-04-28T19:40:48 GMT-04:00" skipped="0">
  <testcase classname="jobsapiRestAssured.JobsPost" name="JobsPostData" time="0.221"/>
  <system-out/>
  <testcase classname="jobsapiRestAssured.JobsPost" name="JobsPostData" time="30.644"/>
  <system-out/>
</testsuite> <!-- jobsapiRestAssured.JobsPost -->
