<?xml version="1.0" encoding="UTF-8"?>
<!-- Generated by org.testng.reporters.JUnitReportReporter -->
<testsuite hostname="DESKTOP-LG3CNSM" failures="0" tests="1" name="lMSRestAssured.PutData" time="6.468" errors="0" timestamp="2022-03-15T13:51:49 GMT-04:00" skipped="0">
  <testcase classname="lMSRestAssured.PutData" name="putNewProgramDetails" time="6.468"/>
  <system-out/>
</testsuite> <!-- lMSRestAssured.PutData -->
