<?xml version="1.0" encoding="UTF-8"?>
<!-- Generated by org.testng.reporters.JUnitReportReporter -->
<testsuite hostname="DESKTOP-LG3CNSM" failures="0" tests="2" name="lMSRestAssured.LmsGetAll" time="2.721" errors="0" timestamp="2022-03-15T13:51:48 GMT-04:00" skipped="0">
  <testcase classname="lMSRestAssured.LmsGetAll" name="Test_04" time="0.501"/>
  <system-out/>
  <testcase classname="lMSRestAssured.LmsGetAll" name="Test_03" time="2.220"/>
  <system-out/>
</testsuite> <!-- lMSRestAssured.LmsGetAll -->
