<?xml version="1.0" encoding="UTF-8"?>
<!-- Generated by org.testng.reporters.JUnitReportReporter -->
<testsuite hostname="DESKTOP-LG3CNSM" failures="0" tests="3" name="lMSRestAssured.Postdatadriven" time="1.353" errors="0" timestamp="2022-03-15T13:51:49 GMT-04:00" skipped="0">
  <testcase classname="lMSRestAssured.Postdatadriven" name="postdata" time="0.469"/>
  <system-out/>
  <testcase classname="lMSRestAssured.Postdatadriven" name="postdata" time="0.430"/>
  <system-out/>
  <testcase classname="lMSRestAssured.Postdatadriven" name="postdata" time="0.454"/>
  <system-out/>
</testsuite> <!-- lMSRestAssured.Postdatadriven -->
