<?xml version="1.0" encoding="UTF-8"?>
<!-- Generated by org.testng.reporters.JUnitReportReporter -->
<testsuite hostname="DESKTOP-LG3CNSM" failures="0" tests="1" name="jobsapiRestAssured.JobsApiGet" time="4.722" errors="0" timestamp="2022-04-28T19:41:49 GMT-04:00" skipped="0">
  <testcase classname="jobsapiRestAssured.JobsApiGet" name="jobsget" time="4.722"/>
  <system-out/>
</testsuite> <!-- jobsapiRestAssured.JobsApiGet -->
